{"/Volumes/Externo/React/first-steps/src/FirstSteps.tsx": {"path":"/Volumes/Externo/React/first-steps/src/FirstSteps.tsx","all":false,"statementMap":{"1":{"start":{"line":2,"column":0},"end":{"line":2,"column":70}},"3":{"start":{"line":4,"column":0},"end":{"line":4,"column":24}},"4":{"start":{"line":5,"column":0},"end":{"line":5,"column":24}},"5":{"start":{"line":6,"column":0},"end":{"line":6,"column":64}},"6":{"start":{"line":7,"column":0},"end":{"line":7,"column":22}},"7":{"start":{"line":8,"column":0},"end":{"line":8,"column":17}},"8":{"start":{"line":9,"column":0},"end":{"line":9,"column":28}},"9":{"start":{"line":10,"column":0},"end":{"line":10,"column":18}},"10":{"start":{"line":11,"column":0},"end":{"line":11,"column":1}},"12":{"start":{"line":13,"column":0},"end":{"line":13,"column":35}},"13":{"start":{"line":14,"column":0},"end":{"line":14,"column":54}},"14":{"start":{"line":15,"column":0},"end":{"line":15,"column":48}},"15":{"start":{"line":16,"column":0},"end":{"line":16,"column":51}},"16":{"start":{"line":17,"column":0},"end":{"line":17,"column":1}},"18":{"start":{"line":19,"column":0},"end":{"line":19,"column":33}},"20":{"start":{"line":21,"column":0},"end":{"line":21,"column":42}},"21":{"start":{"line":22,"column":0},"end":{"line":22,"column":52}},"22":{"start":{"line":23,"column":0},"end":{"line":23,"column":23}},"23":{"start":{"line":24,"column":0},"end":{"line":24,"column":5}},"25":{"start":{"line":26,"column":0},"end":{"line":26,"column":12}},"26":{"start":{"line":27,"column":0},"end":{"line":27,"column":10}},"27":{"start":{"line":28,"column":0},"end":{"line":28,"column":16}},"28":{"start":{"line":29,"column":0},"end":{"line":29,"column":37}},"29":{"start":{"line":30,"column":0},"end":{"line":30,"column":24}},"30":{"start":{"line":31,"column":0},"end":{"line":31,"column":36}},"31":{"start":{"line":32,"column":0},"end":{"line":32,"column":43}},"32":{"start":{"line":33,"column":0},"end":{"line":33,"column":19}},"33":{"start":{"line":34,"column":0},"end":{"line":34,"column":64}},"34":{"start":{"line":35,"column":0},"end":{"line":35,"column":62}},"35":{"start":{"line":36,"column":0},"end":{"line":36,"column":49}},"36":{"start":{"line":37,"column":0},"end":{"line":37,"column":65}},"37":{"start":{"line":38,"column":0},"end":{"line":38,"column":70}},"40":{"start":{"line":41,"column":0},"end":{"line":41,"column":41}},"42":{"start":{"line":43,"column":0},"end":{"line":43,"column":68}},"43":{"start":{"line":44,"column":0},"end":{"line":44,"column":32}},"44":{"start":{"line":45,"column":0},"end":{"line":45,"column":40}},"45":{"start":{"line":46,"column":0},"end":{"line":46,"column":49}},"46":{"start":{"line":47,"column":0},"end":{"line":47,"column":57}},"47":{"start":{"line":48,"column":0},"end":{"line":48,"column":51}},"50":{"start":{"line":51,"column":0},"end":{"line":51,"column":22}},"57":{"start":{"line":58,"column":0},"end":{"line":58,"column":1}}},"s":{"1":1,"3":1,"4":1,"5":1,"6":1,"7":1,"8":1,"9":1,"10":1,"12":1,"13":1,"14":1,"15":1,"16":1,"18":1,"20":3,"21":3,"22":3,"23":3,"25":3,"26":3,"27":3,"28":3,"29":3,"30":3,"31":3,"32":3,"33":3,"34":3,"35":3,"36":3,"37":3,"40":3,"42":3,"43":9,"44":9,"45":9,"46":9,"47":9,"50":9,"57":3},"branchMap":{"0":{"type":"branch","line":19,"loc":{"start":{"line":19,"column":26},"end":{"line":58,"column":1}},"locations":[{"start":{"line":19,"column":26},"end":{"line":58,"column":1}}]},"1":{"type":"branch","line":22,"loc":{"start":{"line":22,"column":36},"end":{"line":22,"column":52}},"locations":[{"start":{"line":22,"column":36},"end":{"line":22,"column":52}}]},"2":{"type":"branch","line":37,"loc":{"start":{"line":37,"column":34},"end":{"line":37,"column":65}},"locations":[{"start":{"line":37,"column":34},"end":{"line":37,"column":65}}]},"3":{"type":"branch","line":43,"loc":{"start":{"line":43,"column":36},"end":{"line":51,"column":22}},"locations":[{"start":{"line":43,"column":36},"end":{"line":51,"column":22}}]}},"b":{"0":[3],"1":[0],"2":[0],"3":[9]},"fnMap":{"0":{"name":"FirstSteps","decl":{"start":{"line":19,"column":26},"end":{"line":58,"column":1}},"loc":{"start":{"line":19,"column":26},"end":{"line":58,"column":1}},"line":19}},"f":{"0":3}}
,"/Volumes/Externo/React/first-steps/src/main.tsx": {"path":"/Volumes/Externo/React/first-steps/src/main.tsx","all":true,"statementMap":{"0":{"start":{"line":1,"column":0},"end":{"line":1,"column":34}},"1":{"start":{"line":2,"column":0},"end":{"line":2,"column":45}},"2":{"start":{"line":3,"column":0},"end":{"line":3,"column":41}},"4":{"start":{"line":5,"column":0},"end":{"line":5,"column":52}},"5":{"start":{"line":6,"column":0},"end":{"line":6,"column":14}},"6":{"start":{"line":7,"column":0},"end":{"line":7,"column":18}}},"s":{"0":0,"1":0,"2":0,"4":0,"5":0,"6":0},"branchMap":{"0":{"type":"branch","line":1,"loc":{"start":{"line":1,"column":229},"end":{"line":9,"column":1}},"locations":[{"start":{"line":1,"column":229},"end":{"line":9,"column":1}}]}},"b":{"0":[0]},"fnMap":{"0":{"name":"(empty-report)","decl":{"start":{"line":1,"column":229},"end":{"line":9,"column":1}},"loc":{"start":{"line":1,"column":229},"end":{"line":9,"column":1}},"line":1}},"f":{"0":0}}
,"/Volumes/Externo/React/first-steps/src/helpers/math.helper.ts": {"path":"/Volumes/Externo/React/first-steps/src/helpers/math.helper.ts","all":false,"statementMap":{"1":{"start":{"line":2,"column":0},"end":{"line":2,"column":46}},"2":{"start":{"line":3,"column":0},"end":{"line":3,"column":17}},"3":{"start":{"line":4,"column":0},"end":{"line":4,"column":1}},"6":{"start":{"line":7,"column":0},"end":{"line":7,"column":50}},"7":{"start":{"line":8,"column":0},"end":{"line":8,"column":17}},"8":{"start":{"line":9,"column":0},"end":{"line":9,"column":1}},"11":{"start":{"line":12,"column":0},"end":{"line":12,"column":51}},"12":{"start":{"line":13,"column":0},"end":{"line":13,"column":17}},"13":{"start":{"line":14,"column":0},"end":{"line":14,"column":1}},"16":{"start":{"line":17,"column":0},"end":{"line":17,"column":49}},"17":{"start":{"line":18,"column":0},"end":{"line":18,"column":17}},"18":{"start":{"line":19,"column":0},"end":{"line":19,"column":1}}},"s":{"1":1,"2":1,"3":1,"6":1,"7":1,"8":1,"11":1,"12":1,"13":1,"16":1,"17":1,"18":1},"branchMap":{"0":{"type":"branch","line":2,"loc":{"start":{"line":2,"column":19},"end":{"line":4,"column":1}},"locations":[{"start":{"line":2,"column":19},"end":{"line":4,"column":1}}]},"1":{"type":"branch","line":7,"loc":{"start":{"line":7,"column":23},"end":{"line":9,"column":1}},"locations":[{"start":{"line":7,"column":23},"end":{"line":9,"column":1}}]},"2":{"type":"branch","line":12,"loc":{"start":{"line":12,"column":24},"end":{"line":14,"column":1}},"locations":[{"start":{"line":12,"column":24},"end":{"line":14,"column":1}}]},"3":{"type":"branch","line":17,"loc":{"start":{"line":17,"column":22},"end":{"line":19,"column":1}},"locations":[{"start":{"line":17,"column":22},"end":{"line":19,"column":1}}]}},"b":{"0":[1],"1":[1],"2":[1],"3":[1]},"fnMap":{"0":{"name":"add","decl":{"start":{"line":2,"column":19},"end":{"line":4,"column":1}},"loc":{"start":{"line":2,"column":19},"end":{"line":4,"column":1}},"line":2},"1":{"name":"subtrac","decl":{"start":{"line":7,"column":23},"end":{"line":9,"column":1}},"loc":{"start":{"line":7,"column":23},"end":{"line":9,"column":1}},"line":7},"2":{"name":"multiply","decl":{"start":{"line":12,"column":24},"end":{"line":14,"column":1}},"loc":{"start":{"line":12,"column":24},"end":{"line":14,"column":1}},"line":12},"3":{"name":"divide","decl":{"start":{"line":17,"column":22},"end":{"line":19,"column":1}},"loc":{"start":{"line":17,"column":22},"end":{"line":19,"column":1}},"line":17}},"f":{"0":1,"1":1,"2":1,"3":1}}
,"/Volumes/Externo/React/first-steps/src/shopping-cart/ItemCounter.tsx": {"path":"/Volumes/Externo/React/first-steps/src/shopping-cart/ItemCounter.tsx","all":false,"statementMap":{"0":{"start":{"line":1,"column":0},"end":{"line":1,"column":33}},"1":{"start":{"line":2,"column":0},"end":{"line":2,"column":46}},"8":{"start":{"line":9,"column":0},"end":{"line":9,"column":51}},"9":{"start":{"line":10,"column":0},"end":{"line":10,"column":56}},"10":{"start":{"line":11,"column":0},"end":{"line":11,"column":57}},"12":{"start":{"line":13,"column":0},"end":{"line":13,"column":42}},"13":{"start":{"line":14,"column":0},"end":{"line":14,"column":47}},"14":{"start":{"line":15,"column":0},"end":{"line":15,"column":31}},"15":{"start":{"line":16,"column":0},"end":{"line":16,"column":6}},"17":{"start":{"line":18,"column":0},"end":{"line":18,"column":46}},"18":{"start":{"line":19,"column":0},"end":{"line":19,"column":32}},"19":{"start":{"line":20,"column":0},"end":{"line":20,"column":31}},"20":{"start":{"line":21,"column":0},"end":{"line":21,"column":6}},"22":{"start":{"line":23,"column":0},"end":{"line":23,"column":12}},"23":{"start":{"line":24,"column":0},"end":{"line":24,"column":16}},"24":{"start":{"line":25,"column":0},"end":{"line":25,"column":42}},"25":{"start":{"line":26,"column":0},"end":{"line":26,"column":34}},"27":{"start":{"line":28,"column":0},"end":{"line":28,"column":17}},"28":{"start":{"line":29,"column":0},"end":{"line":29,"column":42}},"29":{"start":{"line":30,"column":0},"end":{"line":30,"column":24}},"30":{"start":{"line":31,"column":0},"end":{"line":31,"column":31}},"31":{"start":{"line":32,"column":0},"end":{"line":32,"column":59}},"32":{"start":{"line":33,"column":0},"end":{"line":33,"column":18}},"34":{"start":{"line":35,"column":0},"end":{"line":35,"column":29}},"37":{"start":{"line":38,"column":0},"end":{"line":38,"column":19}},"38":{"start":{"line":39,"column":0},"end":{"line":39,"column":40}},"39":{"start":{"line":40,"column":0},"end":{"line":40,"column":38}},"40":{"start":{"line":41,"column":0},"end":{"line":41,"column":51}},"41":{"start":{"line":42,"column":0},"end":{"line":42,"column":13}},"45":{"start":{"line":46,"column":0},"end":{"line":46,"column":17}},"46":{"start":{"line":47,"column":0},"end":{"line":47,"column":37}},"47":{"start":{"line":48,"column":0},"end":{"line":48,"column":30}},"49":{"start":{"line":50,"column":0},"end":{"line":50,"column":19}},"50":{"start":{"line":51,"column":0},"end":{"line":51,"column":45}},"51":{"start":{"line":52,"column":0},"end":{"line":52,"column":38}},"52":{"start":{"line":53,"column":0},"end":{"line":53,"column":55}},"53":{"start":{"line":54,"column":0},"end":{"line":54,"column":13}},"58":{"start":{"line":59,"column":0},"end":{"line":59,"column":2}}},"s":{"0":1,"1":1,"8":1,"9":10,"10":10,"12":10,"13":3,"14":3,"15":3,"17":10,"18":3,"19":2,"20":2,"22":10,"23":10,"24":10,"25":10,"27":10,"28":10,"29":10,"30":10,"31":10,"32":10,"34":10,"37":10,"38":10,"39":10,"40":10,"41":10,"45":10,"46":10,"47":10,"49":10,"50":10,"51":10,"52":10,"53":10,"58":10},"branchMap":{"0":{"type":"branch","line":9,"loc":{"start":{"line":9,"column":27},"end":{"line":59,"column":2}},"locations":[{"start":{"line":9,"column":27},"end":{"line":59,"column":2}}]},"1":{"type":"branch","line":32,"loc":{"start":{"line":32,"column":39},"end":{"line":32,"column":52}},"locations":[{"start":{"line":32,"column":39},"end":{"line":32,"column":52}}]},"2":{"type":"branch","line":32,"loc":{"start":{"line":32,"column":43},"end":{"line":32,"column":59}},"locations":[{"start":{"line":32,"column":43},"end":{"line":32,"column":59}}]},"3":{"type":"branch","line":13,"loc":{"start":{"line":13,"column":22},"end":{"line":16,"column":6}},"locations":[{"start":{"line":13,"column":22},"end":{"line":16,"column":6}}]},"4":{"type":"branch","line":18,"loc":{"start":{"line":18,"column":26},"end":{"line":21,"column":6}},"locations":[{"start":{"line":18,"column":26},"end":{"line":21,"column":6}}]},"5":{"type":"branch","line":19,"loc":{"start":{"line":19,"column":25},"end":{"line":19,"column":32}},"locations":[{"start":{"line":19,"column":25},"end":{"line":19,"column":32}}]},"6":{"type":"branch","line":19,"loc":{"start":{"line":19,"column":25},"end":{"line":21,"column":6}},"locations":[{"start":{"line":19,"column":25},"end":{"line":21,"column":6}}]},"7":{"type":"branch","line":41,"loc":{"start":{"line":41,"column":25},"end":{"line":41,"column":51}},"locations":[{"start":{"line":41,"column":25},"end":{"line":41,"column":51}}]},"8":{"type":"branch","line":53,"loc":{"start":{"line":53,"column":25},"end":{"line":53,"column":55}},"locations":[{"start":{"line":53,"column":25},"end":{"line":53,"column":55}}]}},"b":{"0":[10],"1":[8],"2":[2],"3":[3],"4":[3],"5":[1],"6":[2],"7":[3],"8":[3]},"fnMap":{"0":{"name":"ItemCounter","decl":{"start":{"line":9,"column":27},"end":{"line":59,"column":2}},"loc":{"start":{"line":9,"column":27},"end":{"line":59,"column":2}},"line":9},"1":{"name":"handleAdd","decl":{"start":{"line":13,"column":22},"end":{"line":16,"column":6}},"loc":{"start":{"line":13,"column":22},"end":{"line":16,"column":6}},"line":13},"2":{"name":"handleSubtrac","decl":{"start":{"line":18,"column":26},"end":{"line":21,"column":6}},"loc":{"start":{"line":18,"column":26},"end":{"line":21,"column":6}},"line":18},"3":{"name":"onClick","decl":{"start":{"line":41,"column":25},"end":{"line":41,"column":51}},"loc":{"start":{"line":41,"column":25},"end":{"line":41,"column":51}},"line":41},"4":{"name":"onClick","decl":{"start":{"line":53,"column":25},"end":{"line":53,"column":55}},"loc":{"start":{"line":53,"column":25},"end":{"line":53,"column":55}},"line":53}},"f":{"0":10,"1":3,"2":3,"3":3,"4":3}}
}
